0 info it worked if it ends with ok
1 verbose cli [ '/usr/local/Cellar/node/5.9.1/bin/node',
1 verbose cli   '/usr/local/bin/npm',
1 verbose cli   'start' ]
2 info using npm@3.7.3
3 info using node@v5.9.1
4 verbose run-script [ 'prestart', 'start', 'poststart' ]
5 info lifecycle mongo_deploy@1.0.0~prestart: mongo_deploy@1.0.0
6 silly lifecycle mongo_deploy@1.0.0~prestart: no script for prestart, continuing
7 info lifecycle mongo_deploy@1.0.0~start: mongo_deploy@1.0.0
8 verbose lifecycle mongo_deploy@1.0.0~start: unsafe-perm in lifecycle true
9 verbose lifecycle mongo_deploy@1.0.0~start: PATH: /usr/local/lib/node_modules/npm/bin/node-gyp-bin:/Users/user/cx3_7/projects/world_domination/world_domination_app/server/mongo_deploy/node_modules/.bin:/usr/local/Cellar/node/5.9.1/bin:/Applications/Postgres.app/Contents/Versions/9.5/bin:/Users/user/.rbenv/shims:/Users/user/.rbenv/shims:/usr/local/bin:/Users/user/bin:/usr/local/bin:/usr/bin:/bin:/usr/sbin:/sbin:/Users/user/junit
10 verbose lifecycle mongo_deploy@1.0.0~start: CWD: /Users/user/cx3_7/projects/world_domination/world_domination_app/server/mongo_deploy
11 silly lifecycle mongo_deploy@1.0.0~start: Args: [ '-c', 'node makeDatabase.js' ]
12 silly lifecycle mongo_deploy@1.0.0~start: Returned: code: 1  signal: null
13 info lifecycle mongo_deploy@1.0.0~start: Failed to exec start script
14 verbose stack Error: mongo_deploy@1.0.0 start: `node makeDatabase.js`
14 verbose stack Exit status 1
14 verbose stack     at EventEmitter.<anonymous> (/usr/local/lib/node_modules/npm/lib/utils/lifecycle.js:239:16)
14 verbose stack     at emitTwo (events.js:100:13)
14 verbose stack     at EventEmitter.emit (events.js:185:7)
14 verbose stack     at ChildProcess.<anonymous> (/usr/local/lib/node_modules/npm/lib/utils/spawn.js:24:14)
14 verbose stack     at emitTwo (events.js:100:13)
14 verbose stack     at ChildProcess.emit (events.js:185:7)
14 verbose stack     at maybeClose (internal/child_process.js:850:16)
14 verbose stack     at Process.ChildProcess._handle.onexit (internal/child_process.js:215:5)
15 verbose pkgid mongo_deploy@1.0.0
16 verbose cwd /Users/user/cx3_7/projects/world_domination/world_domination_app/server/mongo_deploy
17 error Darwin 15.6.0
18 error argv "/usr/local/Cellar/node/5.9.1/bin/node" "/usr/local/bin/npm" "start"
19 error node v5.9.1
20 error npm  v3.7.3
21 error code ELIFECYCLE
22 error mongo_deploy@1.0.0 start: `node makeDatabase.js`
22 error Exit status 1
23 error Failed at the mongo_deploy@1.0.0 start script 'node makeDatabase.js'.
23 error Make sure you have the latest version of node.js and npm installed.
23 error If you do, this is most likely a problem with the mongo_deploy package,
23 error not with npm itself.
23 error Tell the author that this fails on your system:
23 error     node makeDatabase.js
23 error You can get information on how to open an issue for this project with:
23 error     npm bugs mongo_deploy
23 error Or if that isn't available, you can get their info via:
23 error     npm owner ls mongo_deploy
23 error There is likely additional logging output above.
24 verbose exit [ 1, true ]
